/opt/test/aaaz_010525 01.05.25
/opt/test/aaaz_010525/aaaz_010525.az 01.05.25 3kb
/opt/test/aaaz_010525/aaazz_010525.az 01.05.25 3kb
/opt/test/aaaz_010525/aaaazz_010525.az 01.05.25 3kb
/opt/test/aaaz_010525/aaaazzz_010525.az 01.05.25 3kb
/opt/test/aaaz_010525/aaaaazzz_010525.az 01.05.25 3kb
/opt/test/aaazz_010525 01.05.25
/opt/test/aaazz_010525/aaaz_010525.az 01.05.25 3kb
/opt/test/aaazz_010525/aaazz_010525.az 01.05.25 3kb
/opt/test/aaazz_010525/aaaazz_010525.az 01.05.25 3kb
/opt/test/aaazz_010525/aaaazzz_010525.az 01.05.25 3kb
/opt/test/aaazz_010525/aaaaazzz_010525.az 01.05.25 3kb
/opt/test/aaaazz_010525 01.05.25
/opt/test/aaaazz_010525/aaaz_010525.az 01.05.25 3kb
/opt/test/aaaazz_010525/aaazz_010525.az 01.05.25 3kb
/opt/test/aaaazz_010525/aaaazz_010525.az 01.05.25 3kb
/opt/test/aaaazz_010525/aaaazzz_010525.az 01.05.25 3kb
/opt/test/aaaazz_010525/aaaaazzz_010525.az 01.05.25 3kb
/opt/test/aaaazzz_010525 01.05.25
/opt/test/aaaazzz_010525/aaaz_010525.az 01.05.25 3kb
/opt/test/aaaazzz_010525/aaazz_010525.az 01.05.25 3kb
/opt/test/aaaazzz_010525/aaaazz_010525.az 01.05.25 3kb
/opt/test/aaaazzz_010525/aaaazzz_010525.az 01.05.25 3kb
/opt/test/aaaazzz_010525/aaaaazzz_010525.az 01.05.25 3kb
