Время начала работы скрипта: 2025-05-01 08:46:01
/home/aaaz_010525 01.05.25
/home/aaaz_010525/aaaz_010525.az 01.05.25 100Mb
/home/aaaz_010525/aaazz_010525.az 01.05.25 100Mb
/home/aaaz_010525/aaaazz_010525.az 01.05.25 100Mb
/home/aaaz_010525/aaaazzz_010525.az 01.05.25 100Mb
/home/aaaz_010525/aaaaazzz_010525.az 01.05.25 100Mb
/home/aaaz_010525/aaaaazzzz_010525.az 01.05.25 100Mb
/home/aaaz_010525/aaaaaazzzz_010525.az 01.05.25 100Mb
/home/aaaz_010525/aaaaaazzzzz_010525.az 01.05.25 100Mb
/home/aaaz_010525/aaaaaaazzzzz_010525.az 01.05.25 100Mb
/home/aaaz_010525/aaaaaaazzzzzz_010525.az 01.05.25 100Mb
/home/aaaz_010525/aaaaaaaazzzzzz_010525.az 01.05.25 100Mb
/home/aaaz_010525/aaaaaaaazzzzzzz_010525.az 01.05.25 100Mb
/home/aaaz_010525/aaaaaaaaazzzzzzz_010525.az 01.05.25 100Mb
/home/aaaz_010525/aaaaaaaaazzzzzzzz_010525.az 01.05.25 100Mb
/home/aaaz_010525/aaaaaaaaaazzzzzzzz_010525.az 01.05.25 100Mb
/home/aaaz_010525/aaaaaaaaaazzzzzzzzz_010525.az 01.05.25 100Mb
/home/aaaz_010525/aaaaaaaaaaazzzzzzzzz_010525.az 01.05.25 100Mb
/home/aaaz_010525/aaaaaaaaaaazzzzzzzzzz_010525.az 01.05.25 100Mb
/home/aaaz_010525/aaaaaaaaaaaazzzzzzzzzz_010525.az 01.05.25 100Mb
/home/aaaz_010525/aaaaaaaaaaaazzzzzzzzzzz_010525.az 01.05.25 100Mb
/home/aaaz_010525/aaaaaaaaaaaaazzzzzzzzzzz_010525.az 01.05.25 100Mb
/home/aaaz_010525/aaaaaaaaaaaaazzzzzzzzzzzz_010525.az 01.05.25 100Mb
/home/aaaz_010525/aaaaaaaaaaaaaazzzzzzzzzzzz_010525.az 01.05.25 100Mb
/home/aaaz_010525/aaaaaaaaaaaaaazzzzzzzzzzzzz_010525.az 01.05.25 100Mb
/home/aaaz_010525/aaaaaaaaaaaaaaazzzzzzzzzzzzz_010525.az 01.05.25 100Mb
/home/aaaz_010525/aaaaaaaaaaaaaaazzzzzzzzzzzzzz_010525.az 01.05.25 100Mb
/home/aaaz_010525/aaaaaaaaaaaaaaaazzzzzzzzzzzzzz_010525.az 01.05.25 100Mb
/home/aaaz_010525/aaaaaaaaaaaaaaaazzzzzzzzzzzzzzz_010525.az 01.05.25 100Mb
/home/aaaz_010525/aaaaaaaaaaaaaaaaazzzzzzzzzzzzzzz_010525.az 01.05.25 100Mb
/home/aaaz_010525/aaaaaaaaaaaaaaaaazzzzzzzzzzzzzzzz_010525.az 01.05.25 100Mb
/home/aaaz_010525/aaaaaaaaaaaaaaaaaazzzzzzzzzzzzzzzz_010525.az 01.05.25 100Mb
/home/aaaz_010525/aaaaaaaaaaaaaaaaaazzzzzzzzzzzzzzzzz_010525.az 01.05.25 100Mb
/home/aaaz_010525/aaaaaaaaaaaaaaaaaaazzzzzzzzzzzzzzzzz_010525.az 01.05.25 100Mb
/home/aaaz_010525/aaaaaaaaaaaaaaaaaaazzzzzzzzzzzzzzzzzz_010525.az 01.05.25 100Mb
/home/aaaz_010525/aaaaaaaaaaaaaaaaaaaazzzzzzzzzzzzzzzzzz_010525.az 01.05.25 100Mb
/home/aaaz_010525/aaaaaaaaaaaaaaaaaaaazzzzzzzzzzzzzzzzzzz_010525.az 01.05.25 100Mb
/home/aaaz_010525/aaaaaaaaaaaaaaaaaaaaazzzzzzzzzzzzzzzzzzz_010525.az 01.05.25 100Mb
/home/aaaz_010525/aaaaaaaaaaaaaaaaaaaaazzzzzzzzzzzzzzzzzzzz_010525.az 01.05.25 100Mb
/home/aaaz_010525/aaaaaaaaaaaaaaaaaaaaaazzzzzzzzzzzzzzzzzzzz_010525.az 01.05.25 100Mb
/home/aaaz_010525/aaaaaaaaaaaaaaaaaaaaaazzzzzzzzzzzzzzzzzzzzz_010525.az 01.05.25 100Mb
/home/aaaz_010525/aaaaaaaaaaaaaaaaaaaaaaazzzzzzzzzzzzzzzzzzzzz_010525.az 01.05.25 100Mb
/home/aaaz_010525/aaaaaaaaaaaaaaaaaaaaaaazzzzzzzzzzzzzzzzzzzzzz_010525.az 01.05.25 100Mb
/home/aaaz_010525/aaaaaaaaaaaaaaaaaaaaaaaazzzzzzzzzzzzzzzzzzzzzz_010525.az 01.05.25 100Mb
/home/aaaz_010525/aaaaaaaaaaaaaaaaaaaaaaaazzzzzzzzzzzzzzzzzzzzzzz_010525.az 01.05.25 100Mb
/home/aaaz_010525/aaaaaaaaaaaaaaaaaaaaaaaaazzzzzzzzzzzzzzzzzzzzzzz_010525.az 01.05.25 100Mb
/home/aaaz_010525/aaaaaaaaaaaaaaaaaaaaaaaaazzzzzzzzzzzzzzzzzzzzzzzz_010525.az 01.05.25 100Mb
/home/aaaz_010525/aaaaaaaaaaaaaaaaaaaaaaaaaazzzzzzzzzzzzzzzzzzzzzzzz_010525.az 01.05.25 100Mb
/home/aaaz_010525/aaaaaaaaaaaaaaaaaaaaaaaaaazzzzzzzzzzzzzzzzzzzzzzzzz_010525.az 01.05.25 100Mb
/home/aaaz_010525/aaaaaaaaaaaaaaaaaaaaaaaaaaazzzzzzzzzzzzzzzzzzzzzzzzz_010525.az 01.05.25 100Mb
/home/aaaz_010525/aaaaaaaaaaaaaaaaaaaaaaaaaaazzzzzzzzzzzzzzzzzzzzzzzzzz_010525.az 01.05.25 100Mb
/home/aaaz_010525/aaaaaaaaaaaaaaaaaaaaaaaaaaaazzzzzzzzzzzzzzzzzzzzzzzzzz_010525.az 01.05.25 100Mb
/home/aaaz_010525/aaaaaaaaaaaaaaaaaaaaaaaaaaaazzzzzzzzzzzzzzzzzzzzzzzzzzz_010525.az 01.05.25 100Mb
/home/aaazz_010525 01.05.25
/home/aaazz_010525/aaaz_010525.az 01.05.25 100Mb
/home/aaazz_010525/aaazz_010525.az 01.05.25 100Mb
/home/aaazz_010525/aaaazz_010525.az 01.05.25 100Mb
/home/aaazz_010525/aaaazzz_010525.az 01.05.25 100Mb
/home/aaazz_010525/aaaaazzz_010525.az 01.05.25 100Mb
/home/aaazz_010525/aaaaazzzz_010525.az 01.05.25 100Mb
/home/aaazz_010525/aaaaaazzzz_010525.az 01.05.25 100Mb
/home/aaazz_010525/aaaaaazzzzz_010525.az 01.05.25 100Mb
/home/aaazz_010525/aaaaaaazzzzz_010525.az 01.05.25 100Mb
/home/aaazz_010525/aaaaaaazzzzzz_010525.az 01.05.25 100Mb
/home/aaazz_010525/aaaaaaaazzzzzz_010525.az 01.05.25 100Mb
/home/aaazz_010525/aaaaaaaazzzzzzz_010525.az 01.05.25 100Mb
/home/aaazz_010525/aaaaaaaaazzzzzzz_010525.az 01.05.25 100Mb
/home/aaazz_010525/aaaaaaaaazzzzzzzz_010525.az 01.05.25 100Mb
/home/aaazz_010525/aaaaaaaaaazzzzzzzz_010525.az 01.05.25 100Mb
/home/aaazz_010525/aaaaaaaaaazzzzzzzzz_010525.az 01.05.25 100Mb
/home/aaazz_010525/aaaaaaaaaaazzzzzzzzz_010525.az 01.05.25 100Mb
/home/aaazz_010525/aaaaaaaaaaazzzzzzzzzz_010525.az 01.05.25 100Mb
/home/aaazz_010525/aaaaaaaaaaaazzzzzzzzzz_010525.az 01.05.25 100Mb
/home/aaazz_010525/aaaaaaaaaaaazzzzzzzzzzz_010525.az 01.05.25 100Mb
/home/aaazz_010525/aaaaaaaaaaaaazzzzzzzzzzz_010525.az 01.05.25 100Mb
/home/aaazz_010525/aaaaaaaaaaaaazzzzzzzzzzzz_010525.az 01.05.25 100Mb
/home/aaazz_010525/aaaaaaaaaaaaaazzzzzzzzzzzz_010525.az 01.05.25 100Mb
/home/aaazz_010525/aaaaaaaaaaaaaazzzzzzzzzzzzz_010525.az 01.05.25 100Mb
/home/aaazz_010525/aaaaaaaaaaaaaaazzzzzzzzzzzzz_010525.az 01.05.25 100Mb
/home/aaazz_010525/aaaaaaaaaaaaaaazzzzzzzzzzzzzz_010525.az 01.05.25 100Mb
/home/aaazz_010525/aaaaaaaaaaaaaaaazzzzzzzzzzzzzz_010525.az 01.05.25 100Mb
/home/aaazz_010525/aaaaaaaaaaaaaaaazzzzzzzzzzzzzzz_010525.az 01.05.25 100Mb
/home/aaazz_010525/aaaaaaaaaaaaaaaaazzzzzzzzzzzzzzz_010525.az 01.05.25 100Mb
/home/aaazz_010525/aaaaaaaaaaaaaaaaazzzzzzzzzzzzzzzz_010525.az 01.05.25 100Mb
/home/aaazz_010525/aaaaaaaaaaaaaaaaaazzzzzzzzzzzzzzzz_010525.az 01.05.25 100Mb
/home/aaazz_010525/aaaaaaaaaaaaaaaaaazzzzzzzzzzzzzzzzz_010525.az 01.05.25 100Mb
/home/aaazz_010525/aaaaaaaaaaaaaaaaaaazzzzzzzzzzzzzzzzz_010525.az 01.05.25 100Mb
/home/aaazz_010525/aaaaaaaaaaaaaaaaaaazzzzzzzzzzzzzzzzzz_010525.az 01.05.25 100Mb
/home/aaazz_010525/aaaaaaaaaaaaaaaaaaaazzzzzzzzzzzzzzzzzz_010525.az 01.05.25 100Mb
/home/aaazz_010525/aaaaaaaaaaaaaaaaaaaazzzzzzzzzzzzzzzzzzz_010525.az 01.05.25 100Mb
/home/aaazz_010525/aaaaaaaaaaaaaaaaaaaaazzzzzzzzzzzzzzzzzzz_010525.az 01.05.25 100Mb
/home/aaazz_010525/aaaaaaaaaaaaaaaaaaaaazzzzzzzzzzzzzzzzzzzz_010525.az 01.05.25 100Mb
/home/aaazz_010525/aaaaaaaaaaaaaaaaaaaaaazzzzzzzzzzzzzzzzzzzz_010525.az 01.05.25 100Mb
/home/aaazz_010525/aaaaaaaaaaaaaaaaaaaaaazzzzzzzzzzzzzzzzzzzzz_010525.az 01.05.25 100Mb
/home/aaazz_010525/aaaaaaaaaaaaaaaaaaaaaaazzzzzzzzzzzzzzzzzzzzz_010525.az 01.05.25 100Mb
/home/aaazz_010525/aaaaaaaaaaaaaaaaaaaaaaazzzzzzzzzzzzzzzzzzzzzz_010525.az 01.05.25 100Mb
/home/aaazz_010525/aaaaaaaaaaaaaaaaaaaaaaaazzzzzzzzzzzzzzzzzzzzzz_010525.az 01.05.25 100Mb
/home/aaazz_010525/aaaaaaaaaaaaaaaaaaaaaaaazzzzzzzzzzzzzzzzzzzzzzz_010525.az 01.05.25 100Mb
/home/aaazz_010525/aaaaaaaaaaaaaaaaaaaaaaaaazzzzzzzzzzzzzzzzzzzzzzz_010525.az 01.05.25 100Mb
/home/aaazz_010525/aaaaaaaaaaaaaaaaaaaaaaaaazzzzzzzzzzzzzzzzzzzzzzzz_010525.az 01.05.25 100Mb
/home/aaazz_010525/aaaaaaaaaaaaaaaaaaaaaaaaaazzzzzzzzzzzzzzzzzzzzzzzz_010525.az 01.05.25 100Mb
/home/aaazz_010525/aaaaaaaaaaaaaaaaaaaaaaaaaazzzzzzzzzzzzzzzzzzzzzzzzz_010525.az 01.05.25 100Mb
/home/aaazz_010525/aaaaaaaaaaaaaaaaaaaaaaaaaaazzzzzzzzzzzzzzzzzzzzzzzzz_010525.az 01.05.25 100Mb
/home/aaazz_010525/aaaaaaaaaaaaaaaaaaaaaaaaaaazzzzzzzzzzzzzzzzzzzzzzzzzz_010525.az 01.05.25 100Mb
/home/aaazz_010525/aaaaaaaaaaaaaaaaaaaaaaaaaaaazzzzzzzzzzzzzzzzzzzzzzzzzz_010525.az 01.05.25 100Mb
/home/aaazz_010525/aaaaaaaaaaaaaaaaaaaaaaaaaaaazzzzzzzzzzzzzzzzzzzzzzzzzzz_010525.az 01.05.25 100Mb
/home/aaaazz_010525 01.05.25
/home/aaaazz_010525/aaaz_010525.az 01.05.25 100Mb
/home/aaaazz_010525/aaazz_010525.az 01.05.25 100Mb
/home/aaaazz_010525/aaaazz_010525.az 01.05.25 100Mb
/home/aaaazz_010525/aaaazzz_010525.az 01.05.25 100Mb
/home/aaaazz_010525/aaaaazzz_010525.az 01.05.25 100Mb
/home/aaaazz_010525/aaaaazzzz_010525.az 01.05.25 100Mb
/home/aaaazz_010525/aaaaaazzzz_010525.az 01.05.25 100Mb
/home/aaaazz_010525/aaaaaazzzzz_010525.az 01.05.25 100Mb
/home/aaaazz_010525/aaaaaaazzzzz_010525.az 01.05.25 100Mb
/home/aaaazz_010525/aaaaaaazzzzzz_010525.az 01.05.25 100Mb
/home/aaaazz_010525/aaaaaaaazzzzzz_010525.az 01.05.25 100Mb
/home/aaaazz_010525/aaaaaaaazzzzzzz_010525.az 01.05.25 100Mb
/home/aaaazz_010525/aaaaaaaaazzzzzzz_010525.az 01.05.25 100Mb
/home/aaaazz_010525/aaaaaaaaazzzzzzzz_010525.az 01.05.25 100Mb
/home/aaaazz_010525/aaaaaaaaaazzzzzzzz_010525.az 01.05.25 100Mb
/home/aaaazz_010525/aaaaaaaaaazzzzzzzzz_010525.az 01.05.25 100Mb
/home/aaaazz_010525/aaaaaaaaaaazzzzzzzzz_010525.az 01.05.25 100Mb
/home/aaaazz_010525/aaaaaaaaaaazzzzzzzzzz_010525.az 01.05.25 100Mb
/home/aaaazz_010525/aaaaaaaaaaaazzzzzzzzzz_010525.az 01.05.25 100Mb
/home/aaaazz_010525/aaaaaaaaaaaazzzzzzzzzzz_010525.az 01.05.25 100Mb
/home/aaaazz_010525/aaaaaaaaaaaaazzzzzzzzzzz_010525.az 01.05.25 100Mb
/home/aaaazz_010525/aaaaaaaaaaaaazzzzzzzzzzzz_010525.az 01.05.25 100Mb
/home/aaaazz_010525/aaaaaaaaaaaaaazzzzzzzzzzzz_010525.az 01.05.25 100Mb
/home/aaaazz_010525/aaaaaaaaaaaaaazzzzzzzzzzzzz_010525.az 01.05.25 100Mb
/home/aaaazz_010525/aaaaaaaaaaaaaaazzzzzzzzzzzzz_010525.az 01.05.25 100Mb
/home/aaaazz_010525/aaaaaaaaaaaaaaazzzzzzzzzzzzzz_010525.az 01.05.25 100Mb
/home/aaaazz_010525/aaaaaaaaaaaaaaaazzzzzzzzzzzzzz_010525.az 01.05.25 100Mb
/home/aaaazz_010525/aaaaaaaaaaaaaaaazzzzzzzzzzzzzzz_010525.az 01.05.25 100Mb
/home/aaaazz_010525/aaaaaaaaaaaaaaaaazzzzzzzzzzzzzzz_010525.az 01.05.25 100Mb
/home/aaaazz_010525/aaaaaaaaaaaaaaaaazzzzzzzzzzzzzzzz_010525.az 01.05.25 100Mb
/home/aaaazz_010525/aaaaaaaaaaaaaaaaaazzzzzzzzzzzzzzzz_010525.az 01.05.25 100Mb
/home/aaaazz_010525/aaaaaaaaaaaaaaaaaazzzzzzzzzzzzzzzzz_010525.az 01.05.25 100Mb
/home/aaaazz_010525/aaaaaaaaaaaaaaaaaaazzzzzzzzzzzzzzzzz_010525.az 01.05.25 100Mb
/home/aaaazz_010525/aaaaaaaaaaaaaaaaaaazzzzzzzzzzzzzzzzzz_010525.az 01.05.25 100Mb
/home/aaaazz_010525/aaaaaaaaaaaaaaaaaaaazzzzzzzzzzzzzzzzzz_010525.az 01.05.25 100Mb
/home/aaaazz_010525/aaaaaaaaaaaaaaaaaaaazzzzzzzzzzzzzzzzzzz_010525.az 01.05.25 100Mb
/home/aaaazz_010525/aaaaaaaaaaaaaaaaaaaaazzzzzzzzzzzzzzzzzzz_010525.az 01.05.25 100Mb
/home/aaaazz_010525/aaaaaaaaaaaaaaaaaaaaazzzzzzzzzzzzzzzzzzzz_010525.az 01.05.25 100Mb
/home/aaaazz_010525/aaaaaaaaaaaaaaaaaaaaaazzzzzzzzzzzzzzzzzzzz_010525.az 01.05.25 100Mb
/home/aaaazz_010525/aaaaaaaaaaaaaaaaaaaaaazzzzzzzzzzzzzzzzzzzzz_010525.az 01.05.25 100Mb
/home/aaaazz_010525/aaaaaaaaaaaaaaaaaaaaaaazzzzzzzzzzzzzzzzzzzzz_010525.az 01.05.25 100Mb
/home/aaaazz_010525/aaaaaaaaaaaaaaaaaaaaaaazzzzzzzzzzzzzzzzzzzzzz_010525.az 01.05.25 100Mb
/home/aaaazz_010525/aaaaaaaaaaaaaaaaaaaaaaaazzzzzzzzzzzzzzzzzzzzzz_010525.az 01.05.25 100Mb
/home/aaaazz_010525/aaaaaaaaaaaaaaaaaaaaaaaazzzzzzzzzzzzzzzzzzzzzzz_010525.az 01.05.25 100Mb
/home/aaaazz_010525/aaaaaaaaaaaaaaaaaaaaaaaaazzzzzzzzzzzzzzzzzzzzzzz_010525.az 01.05.25 100Mb
/home/aaaazz_010525/aaaaaaaaaaaaaaaaaaaaaaaaazzzzzzzzzzzzzzzzzzzzzzzz_010525.az 01.05.25 100Mb
/home/aaaazz_010525/aaaaaaaaaaaaaaaaaaaaaaaaaazzzzzzzzzzzzzzzzzzzzzzzz_010525.az 01.05.25 100Mb
Время окончания работы скрипта: 2025-05-01 08:46:02
Общее время работы скрипта: 1.0
